1655743603.501891 client started (208730): version 3.0a, socket /tmp/tmux-1000/default, protocol 8
1655743603.501970 on Linux 5.4.0-120-generic #136-Ubuntu SMP Fri Jun 10 13:46:10 UTC 2022; libevent 2.1.11-stable (poll)
1655743603.501987 socket is /tmp/tmux-1000/default
1655743603.502014 trying connect
1655743603.502047 connect failed: Connection refused
1655743603.502064 lock file is /tmp/tmux-1000/default.lock
1655743603.502121 flock succeeded
1655743603.502125 got lock (6)
1655743603.502130 trying connect
1655743603.502136 connect failed: Connection refused
1655743603.504478 add peer 0xaaaad767c570: 7 ((nil))
1655743603.504630 sending message 100 to peer 0xaaaad767c570 (4 bytes)
1655743603.504637 sending message 101 to peer 0xaaaad767c570 (15 bytes)
1655743603.504641 sending message 102 to peer 0xaaaad767c570 (11 bytes)
1655743603.504645 sending message 108 to peer 0xaaaad767c570 (20 bytes)
1655743603.504649 sending message 104 to peer 0xaaaad767c570 (0 bytes)
1655743603.504653 sending message 107 to peer 0xaaaad767c570 (4 bytes)
1655743603.504656 sending message 105 to peer 0xaaaad767c570 (54 bytes)
1655743603.504660 sending message 105 to peer 0xaaaad767c570 (21 bytes)
1655743603.504663 sending message 105 to peer 0xaaaad767c570 (25 bytes)
1655743603.504667 sending message 105 to peer 0xaaaad767c570 (16 bytes)
1655743603.504670 sending message 105 to peer 0xaaaad767c570 (26 bytes)
1655743603.504673 sending message 105 to peer 0xaaaad767c570 (17 bytes)
1655743603.504677 sending message 105 to peer 0xaaaad767c570 (19 bytes)
1655743603.504680 sending message 105 to peer 0xaaaad767c570 (27 bytes)
1655743603.504683 sending message 105 to peer 0xaaaad767c570 (32 bytes)
1655743603.504686 sending message 105 to peer 0xaaaad767c570 (13 bytes)
1655743603.504691 sending message 105 to peer 0xaaaad767c570 (15 bytes)
1655743603.504695 sending message 105 to peer 0xaaaad767c570 (225 bytes)
1655743603.504698 sending message 105 to peer 0xaaaad767c570 (35 bytes)
1655743603.504702 sending message 105 to peer 0xaaaad767c570 (24 bytes)
1655743603.504705 sending message 105 to peer 0xaaaad767c570 (48 bytes)
1655743603.504708 sending message 105 to peer 0xaaaad767c570 (20 bytes)
1655743603.504711 sending message 105 to peer 0xaaaad767c570 (8 bytes)
1655743603.504714 sending message 105 to peer 0xaaaad767c570 (29 bytes)
1655743603.504717 sending message 105 to peer 0xaaaad767c570 (43 bytes)
1655743603.504721 sending message 105 to peer 0xaaaad767c570 (19 bytes)
1655743603.504724 sending message 105 to peer 0xaaaad767c570 (20 bytes)
1655743603.504727 sending message 105 to peer 0xaaaad767c570 (10 bytes)
1655743603.504730 sending message 105 to peer 0xaaaad767c570 (65 bytes)
1655743603.504734 sending message 105 to peer 0xaaaad767c570 (31 bytes)
1655743603.504737 sending message 105 to peer 0xaaaad767c570 (23 bytes)
1655743603.504740 sending message 105 to peer 0xaaaad767c570 (18 bytes)
1655743603.504743 sending message 105 to peer 0xaaaad767c570 (21 bytes)
1655743603.504747 sending message 106 to peer 0xaaaad767c570 (0 bytes)
1655743603.504750 sending message 200 to peer 0xaaaad767c570 (4 bytes)
1655743603.504755 client loop enter
1655743603.548077 peer 0xaaaad767c570 message 207
1655743603.548088 sending message 208 to peer 0xaaaad767c570 (0 bytes)
1655743604.331070 peer 0xaaaad767c570 message 203
1655743604.331081 sending message 205 to peer 0xaaaad767c570 (0 bytes)
1655743604.331921 peer 0xaaaad767c570 message 204
1655743604.331927 client loop exit
